  Host.cpp
C:\Git\Bar_Ovda_Daniel_Zusev\Bar_Ovda_Daniel_Zusev\Flights-Managment-Project\cppProject\CrewMember.h(55,13): error C2061: syntax error: identifier 'ostream'
C:\Git\Bar_Ovda_Daniel_Zusev\Bar_Ovda_Daniel_Zusev\Flights-Managment-Project\cppProject\CrewMember.h(58,16): error C2143: syntax error: missing ';' before '&'
C:\Git\Bar_Ovda_Daniel_Zusev\Bar_Ovda_Daniel_Zusev\Flights-Managment-Project\cppProject\CrewMember.h(58,16): error C2433: 'ostream': 'friend' not permitted on data declarations
C:\Git\Bar_Ovda_Daniel_Zusev\Bar_Ovda_Daniel_Zusev\Flights-Managment-Project\cppProject\CrewMember.h(58,16): error C4430: missing type specifier - int assumed. Note: C++ does not support default-int
C:\Git\Bar_Ovda_Daniel_Zusev\Bar_Ovda_Daniel_Zusev\Flights-Managment-Project\cppProject\CrewMember.h(58,65): error C2238: unexpected token(s) preceding ';'
C:\Git\Bar_Ovda_Daniel_Zusev\Bar_Ovda_Daniel_Zusev\Flights-Managment-Project\cppProject\CrewMember.h(50,16): error C4996: 'strdup': The POSIX name for this item is deprecated. Instead, use the ISO C and C++ conformant name: _strdup. See online help for details.
  Pilot.cpp
C:\Git\Bar_Ovda_Daniel_Zusev\Bar_Ovda_Daniel_Zusev\Flights-Managment-Project\cppProject\CrewMember.h(55,13): error C2061: syntax error: identifier 'ostream'
C:\Git\Bar_Ovda_Daniel_Zusev\Bar_Ovda_Daniel_Zusev\Flights-Managment-Project\cppProject\CrewMember.h(58,16): error C2143: syntax error: missing ';' before '&'
C:\Git\Bar_Ovda_Daniel_Zusev\Bar_Ovda_Daniel_Zusev\Flights-Managment-Project\cppProject\CrewMember.h(58,16): error C2433: 'ostream': 'friend' not permitted on data declarations
C:\Git\Bar_Ovda_Daniel_Zusev\Bar_Ovda_Daniel_Zusev\Flights-Managment-Project\cppProject\CrewMember.h(58,16): error C4430: missing type specifier - int assumed. Note: C++ does not support default-int
C:\Git\Bar_Ovda_Daniel_Zusev\Bar_Ovda_Daniel_Zusev\Flights-Managment-Project\cppProject\CrewMember.h(58,65): error C2238: unexpected token(s) preceding ';'
C:\Git\Bar_Ovda_Daniel_Zusev\Bar_Ovda_Daniel_Zusev\Flights-Managment-Project\cppProject\CrewMember.h(50,16): error C4996: 'strdup': The POSIX name for this item is deprecated. Instead, use the ISO C and C++ conformant name: _strdup. See online help for details.
C:\Git\Bar_Ovda_Daniel_Zusev\Bar_Ovda_Daniel_Zusev\Flights-Managment-Project\cppProject\Address.h(24,13): error C2061: syntax error: identifier 'ostream'
C:\Git\Bar_Ovda_Daniel_Zusev\Bar_Ovda_Daniel_Zusev\Flights-Managment-Project\cppProject\Address.h(26,16): error C2143: syntax error: missing ';' before '&'
C:\Git\Bar_Ovda_Daniel_Zusev\Bar_Ovda_Daniel_Zusev\Flights-Managment-Project\cppProject\Address.h(26,16): error C2433: 'ostream': 'friend' not permitted on data declarations
C:\Git\Bar_Ovda_Daniel_Zusev\Bar_Ovda_Daniel_Zusev\Flights-Managment-Project\cppProject\Address.h(26,16): error C4430: missing type specifier - int assumed. Note: C++ does not support default-int
C:\Git\Bar_Ovda_Daniel_Zusev\Bar_Ovda_Daniel_Zusev\Flights-Managment-Project\cppProject\Address.h(26,62): error C2238: unexpected token(s) preceding ';'
C:\Git\Bar_Ovda_Daniel_Zusev\Bar_Ovda_Daniel_Zusev\Flights-Managment-Project\cppProject\Address.h(28,16): error C2143: syntax error: missing ';' before '&'
C:\Git\Bar_Ovda_Daniel_Zusev\Bar_Ovda_Daniel_Zusev\Flights-Managment-Project\cppProject\Address.h(28,16): error C2433: 'istream': 'friend' not permitted on data declarations
C:\Git\Bar_Ovda_Daniel_Zusev\Bar_Ovda_Daniel_Zusev\Flights-Managment-Project\cppProject\Address.h(28,16): error C4430: missing type specifier - int assumed. Note: C++ does not support default-int
C:\Git\Bar_Ovda_Daniel_Zusev\Bar_Ovda_Daniel_Zusev\Flights-Managment-Project\cppProject\Address.h(28,56): error C2238: unexpected token(s) preceding ';'
  Plane.cpp
  main.cpp
C:\Git\Bar_Ovda_Daniel_Zusev\Bar_Ovda_Daniel_Zusev\Flights-Managment-Project\cppProject\CrewMember.h(50,16): error C4996: 'strdup': The POSIX name for this item is deprecated. Instead, use the ISO C and C++ conformant name: _strdup. See online help for details.
C:\Git\Bar_Ovda_Daniel_Zusev\Bar_Ovda_Daniel_Zusev\Flights-Managment-Project\cppProject\main.cpp(22,1): warning C4326: return type of 'main' should be 'int' instead of 'void'
  Generating Code...
